SLURM_JOBID=193977
SLURM_JOB_NODELIST=hbcomp-020
SLURM_NNODES=1
SLURMTMPDIR=
working directory=/hb/home/marahimi/code
/hb/software/apps/python/gnu-3.6.2/lib/python3.6/site-packages/h5py/__init__.py:36: FutureWarning: Conversion of the second argument of issubdtype from `float` to `np.floating` is deprecated. In future, it will be treated as `np.float64 == np.dtype(float).type`.
  from ._conv import register_converters as _register_converters
Using TensorFlow backend.
/hb/software/apps/python/gnu-3.6.2/lib/python3.6/site-packages/sklearn/cross_validation.py:41: DeprecationWarning: This module was deprecated in version 0.18 in favor of the model_selection module into which all the refactored classes and functions are moved. Also note that the interface of the new CV iterators are different from that of this module. This module will be removed in 0.20.
  "This module will be removed in 0.20.", DeprecationWarning)
WARNING:tensorflow:From personality_cnn_EXT.py:183: VocabularyProcessor.__init__ (from tensorflow.contrib.learn.python.learn.preprocessing.text) is deprecated and will be removed in a future version.
Instructions for updating:
Please use tensorflow/transform or tf.data.
WARNING:tensorflow:From /hb/software/apps/python/gnu-3.6.2/lib/python3.6/site-packages/tensorflow/contrib/learn/python/learn/preprocessing/text.py:154: CategoricalVocabulary.__init__ (from tensorflow.contrib.learn.python.learn.preprocessing.categorical_vocabulary) is deprecated and will be removed in a future version.
Instructions for updating:
Please use tensorflow/transform or tf.data.
WARNING:tensorflow:From /hb/software/apps/python/gnu-3.6.2/lib/python3.6/site-packages/tensorflow/contrib/learn/python/learn/preprocessing/text.py:170: tokenizer (from tensorflow.contrib.learn.python.learn.preprocessing.text) is deprecated and will be removed in a future version.
Instructions for updating:
Please use tensorflow/transform or tf.data.
2018-06-10 19:20:08.644182: I tensorflow/core/platform/cpu_feature_guard.cc:140] Your CPU supports instructions that this TensorFlow binary was not compiled to use: AVX2 FMA
/hb/home/marahimi
__________________________________________________________________________________________________
Layer (type)                    Output Shape         Param #     Connected to                     
==================================================================================================
input_1 (InputLayer)            (None, 129, 149)     0                                            
__________________________________________________________________________________________________
Embedding (Embedding)           (None, 129, 149, 300 7638300     input_1[0][0]                    
__________________________________________________________________________________________________
Reshape_Embedding (Reshape)     (None, 129, 149, 300 0           Embedding[0][0]                  
__________________________________________________________________________________________________
1Gram_TimeDistributed_Conv (Tim (None, 129, 149, 1,  60200       Reshape_Embedding[0][0]          
__________________________________________________________________________________________________
2Gram_TimeDistributed_Conv (Tim (None, 129, 148, 1,  120200      Reshape_Embedding[0][0]          
__________________________________________________________________________________________________
3Gram_TimeDistributed_Conv (Tim (None, 129, 147, 1,  180200      Reshape_Embedding[0][0]          
__________________________________________________________________________________________________
1Gram_TimeDistributed_Maxpool ( (None, 129, 1, 1, 20 0           1Gram_TimeDistributed_Conv[0][0] 
__________________________________________________________________________________________________
2Gram_TimeDistributed_Maxpool ( (None, 129, 1, 1, 20 0           2Gram_TimeDistributed_Conv[0][0] 
__________________________________________________________________________________________________
3Gram_TimeDistributed_Maxpool ( (None, 129, 1, 1, 20 0           3Gram_TimeDistributed_Conv[0][0] 
__________________________________________________________________________________________________
1Gram_TimeDistributed_Flatten ( (None, 129, 200)     0           1Gram_TimeDistributed_Maxpool[0][
__________________________________________________________________________________________________
2Gram_TimeDistributed_Flatten ( (None, 129, 200)     0           2Gram_TimeDistributed_Maxpool[0][
__________________________________________________________________________________________________
3Gram_TimeDistributed_Flatten ( (None, 129, 200)     0           3Gram_TimeDistributed_Maxpool[0][
__________________________________________________________________________________________________
Merge_n-grams (Concatenate)     (None, 129, 600)     0           1Gram_TimeDistributed_Flatten[0][
                                                                 2Gram_TimeDistributed_Flatten[0][
                                                                 3Gram_TimeDistributed_Flatten[0][
__________________________________________________________________________________________________
Reshape_Merge_Result (Reshape)  (None, 129, 600, 1)  0           Merge_n-grams[0][0]              
__________________________________________________________________________________________________
1-MaxPool (MaxPooling2D)        (None, 1, 600, 1)    0           Reshape_Merge_Result[0][0]       
__________________________________________________________________________________________________
1-Maxpool_Flatten (Flatten)     (None, 600)          0           1-MaxPool[0][0]                  
__________________________________________________________________________________________________
Mairesse_Input (InputLayer)     (None, 84)           0                                            
__________________________________________________________________________________________________
Merge_with_Mairesse (Concatenat (None, 684)          0           1-Maxpool_Flatten[0][0]          
                                                                 Mairesse_Input[0][0]             
__________________________________________________________________________________________________
Fully_Connected_Layer (Dense)   (None, 16)           10960       Merge_with_Mairesse[0][0]        
__________________________________________________________________________________________________
Dense_out (Dense)               (None, 1)            17          Fully_Connected_Layer[0][0]      
==================================================================================================
Total params: 8,009,877
Trainable params: 8,009,877
Non-trainable params: 0
__________________________________________________________________________________________________
None
Train on 1726 samples, validate on 741 samples
Epoch 1/30

 200/1726 [==>...........................] - ETA: 2:32 - loss: 0.8206 - acc: 0.4850
 400/1726 [=====>........................] - ETA: 2:09 - loss: 0.7738 - acc: 0.4900
 600/1726 [=========>....................] - ETA: 1:48 - loss: 0.7496 - acc: 0.4833
 800/1726 [============>.................] - ETA: 1:28 - loss: 0.7308 - acc: 0.5175
1000/1726 [================>.............] - ETA: 1:09 - loss: 0.7293 - acc: 0.5130
1200/1726 [===================>..........] - ETA: 50s - loss: 0.7294 - acc: 0.5117 
1400/1726 [=======================>......] - ETA: 31s - loss: 0.7286 - acc: 0.5129
1600/1726 [==========================>...] - ETA: 12s - loss: 0.7258 - acc: 0.5156
1726/1726 [==============================] - 183s 106ms/step - loss: 0.7215 - acc: 0.5226 - val_loss: 0.7135 - val_acc: 0.4858
Epoch 2/30

 200/1726 [==>...........................] - ETA: 2:22 - loss: 0.6680 - acc: 0.5950
 400/1726 [=====>........................] - ETA: 2:07 - loss: 0.6767 - acc: 0.5625
 600/1726 [=========>....................] - ETA: 1:47 - loss: 0.6815 - acc: 0.5383
 800/1726 [============>.................] - ETA: 1:27 - loss: 0.6818 - acc: 0.5450
1000/1726 [================>.............] - ETA: 1:08 - loss: 0.6825 - acc: 0.5540
1200/1726 [===================>..........] - ETA: 49s - loss: 0.6826 - acc: 0.5625 
1400/1726 [=======================>......] - ETA: 30s - loss: 0.6834 - acc: 0.5614
1600/1726 [==========================>...] - ETA: 11s - loss: 0.6839 - acc: 0.5575
1726/1726 [==============================] - 181s 105ms/step - loss: 0.6838 - acc: 0.5626 - val_loss: 0.6919 - val_acc: 0.5142
Epoch 3/30

 200/1726 [==>...........................] - ETA: 2:24 - loss: 0.6740 - acc: 0.6700
 400/1726 [=====>........................] - ETA: 2:06 - loss: 0.6752 - acc: 0.6575
 600/1726 [=========>....................] - ETA: 1:47 - loss: 0.6726 - acc: 0.6600
 800/1726 [============>.................] - ETA: 1:28 - loss: 0.6749 - acc: 0.6288
1000/1726 [================>.............] - ETA: 1:09 - loss: 0.6753 - acc: 0.6130
1200/1726 [===================>..........] - ETA: 50s - loss: 0.6769 - acc: 0.6025 
1400/1726 [=======================>......] - ETA: 31s - loss: 0.6758 - acc: 0.6029
1600/1726 [==========================>...] - ETA: 12s - loss: 0.6747 - acc: 0.6025
1726/1726 [==============================] - 182s 106ms/step - loss: 0.6744 - acc: 0.6043 - val_loss: 0.6933 - val_acc: 0.5209
Epoch 4/30

 200/1726 [==>...........................] - ETA: 2:25 - loss: 0.6629 - acc: 0.6100
 400/1726 [=====>........................] - ETA: 2:07 - loss: 0.6640 - acc: 0.6050
 600/1726 [=========>....................] - ETA: 1:48 - loss: 0.6640 - acc: 0.6167
 800/1726 [============>.................] - ETA: 1:29 - loss: 0.6631 - acc: 0.6275
1000/1726 [================>.............] - ETA: 1:09 - loss: 0.6609 - acc: 0.6450
1200/1726 [===================>..........] - ETA: 50s - loss: 0.6607 - acc: 0.6525 
1400/1726 [=======================>......] - ETA: 31s - loss: 0.6586 - acc: 0.6636
1600/1726 [==========================>...] - ETA: 12s - loss: 0.6578 - acc: 0.6656
1726/1726 [==============================] - 182s 106ms/step - loss: 0.6572 - acc: 0.6669 - val_loss: 0.6912 - val_acc: 0.5236
Epoch 5/30

 200/1726 [==>...........................] - ETA: 2:24 - loss: 0.6444 - acc: 0.7050
 400/1726 [=====>........................] - ETA: 2:08 - loss: 0.6475 - acc: 0.6700
 600/1726 [=========>....................] - ETA: 1:49 - loss: 0.6403 - acc: 0.6917
 800/1726 [============>.................] - ETA: 1:29 - loss: 0.6408 - acc: 0.6762
1000/1726 [================>.............] - ETA: 1:10 - loss: 0.6392 - acc: 0.6810
1200/1726 [===================>..........] - ETA: 50s - loss: 0.6367 - acc: 0.6892 
1400/1726 [=======================>......] - ETA: 31s - loss: 0.6351 - acc: 0.6971
1600/1726 [==========================>...] - ETA: 12s - loss: 0.6339 - acc: 0.7075
1726/1726 [==============================] - 184s 107ms/step - loss: 0.6340 - acc: 0.7057 - val_loss: 0.6870 - val_acc: 0.5358
Epoch 6/30

 200/1726 [==>...........................] - ETA: 2:26 - loss: 0.5954 - acc: 0.8200
 400/1726 [=====>........................] - ETA: 2:06 - loss: 0.6012 - acc: 0.7950
 600/1726 [=========>....................] - ETA: 1:47 - loss: 0.6012 - acc: 0.7717
 800/1726 [============>.................] - ETA: 1:29 - loss: 0.6010 - acc: 0.7600
1000/1726 [================>.............] - ETA: 1:09 - loss: 0.6007 - acc: 0.7580
1200/1726 [===================>..........] - ETA: 50s - loss: 0.5986 - acc: 0.7583 
1400/1726 [=======================>......] - ETA: 31s - loss: 0.5984 - acc: 0.7607
1600/1726 [==========================>...] - ETA: 12s - loss: 0.5954 - acc: 0.7662
1726/1726 [==============================] - 183s 106ms/step - loss: 0.5956 - acc: 0.7636 - val_loss: 0.6890 - val_acc: 0.5398
Epoch 7/30

 200/1726 [==>...........................] - ETA: 2:30 - loss: 0.5316 - acc: 0.8450
 400/1726 [=====>........................] - ETA: 2:08 - loss: 0.5388 - acc: 0.8300
 600/1726 [=========>....................] - ETA: 1:47 - loss: 0.5428 - acc: 0.8367
 800/1726 [============>.................] - ETA: 1:29 - loss: 0.5467 - acc: 0.8300
1000/1726 [================>.............] - ETA: 1:09 - loss: 0.5446 - acc: 0.8310
1200/1726 [===================>..........] - ETA: 50s - loss: 0.5429 - acc: 0.8300 
1400/1726 [=======================>......] - ETA: 31s - loss: 0.5410 - acc: 0.8300
1600/1726 [==========================>...] - ETA: 12s - loss: 0.5376 - acc: 0.8350
1726/1726 [==============================] - 183s 106ms/step - loss: 0.5351 - acc: 0.8389 - val_loss: 0.6940 - val_acc: 0.5412
