SLURM_JOBID=193979
SLURM_JOB_NODELIST=hbcomp-019
SLURM_NNODES=1
SLURMTMPDIR=
working directory=/hb/home/marahimi/code
/hb/software/apps/python/gnu-3.6.2/lib/python3.6/site-packages/h5py/__init__.py:36: FutureWarning: Conversion of the second argument of issubdtype from `float` to `np.floating` is deprecated. In future, it will be treated as `np.float64 == np.dtype(float).type`.
  from ._conv import register_converters as _register_converters
Using TensorFlow backend.
/hb/software/apps/python/gnu-3.6.2/lib/python3.6/site-packages/sklearn/cross_validation.py:41: DeprecationWarning: This module was deprecated in version 0.18 in favor of the model_selection module into which all the refactored classes and functions are moved. Also note that the interface of the new CV iterators are different from that of this module. This module will be removed in 0.20.
  "This module will be removed in 0.20.", DeprecationWarning)
WARNING:tensorflow:From personality_cnn_NEU.py:183: VocabularyProcessor.__init__ (from tensorflow.contrib.learn.python.learn.preprocessing.text) is deprecated and will be removed in a future version.
Instructions for updating:
Please use tensorflow/transform or tf.data.
WARNING:tensorflow:From /hb/software/apps/python/gnu-3.6.2/lib/python3.6/site-packages/tensorflow/contrib/learn/python/learn/preprocessing/text.py:154: CategoricalVocabulary.__init__ (from tensorflow.contrib.learn.python.learn.preprocessing.categorical_vocabulary) is deprecated and will be removed in a future version.
Instructions for updating:
Please use tensorflow/transform or tf.data.
WARNING:tensorflow:From /hb/software/apps/python/gnu-3.6.2/lib/python3.6/site-packages/tensorflow/contrib/learn/python/learn/preprocessing/text.py:170: tokenizer (from tensorflow.contrib.learn.python.learn.preprocessing.text) is deprecated and will be removed in a future version.
Instructions for updating:
Please use tensorflow/transform or tf.data.
2018-06-10 19:38:49.821410: I tensorflow/core/platform/cpu_feature_guard.cc:140] Your CPU supports instructions that this TensorFlow binary was not compiled to use: AVX2 FMA
/hb/home/marahimi
__________________________________________________________________________________________________
Layer (type)                    Output Shape         Param #     Connected to                     
==================================================================================================
input_1 (InputLayer)            (None, 129, 149)     0                                            
__________________________________________________________________________________________________
Embedding (Embedding)           (None, 129, 149, 300 7638300     input_1[0][0]                    
__________________________________________________________________________________________________
Reshape_Embedding (Reshape)     (None, 129, 149, 300 0           Embedding[0][0]                  
__________________________________________________________________________________________________
1Gram_TimeDistributed_Conv (Tim (None, 129, 149, 1,  60200       Reshape_Embedding[0][0]          
__________________________________________________________________________________________________
2Gram_TimeDistributed_Conv (Tim (None, 129, 148, 1,  120200      Reshape_Embedding[0][0]          
__________________________________________________________________________________________________
3Gram_TimeDistributed_Conv (Tim (None, 129, 147, 1,  180200      Reshape_Embedding[0][0]          
__________________________________________________________________________________________________
1Gram_TimeDistributed_Maxpool ( (None, 129, 1, 1, 20 0           1Gram_TimeDistributed_Conv[0][0] 
__________________________________________________________________________________________________
2Gram_TimeDistributed_Maxpool ( (None, 129, 1, 1, 20 0           2Gram_TimeDistributed_Conv[0][0] 
__________________________________________________________________________________________________
3Gram_TimeDistributed_Maxpool ( (None, 129, 1, 1, 20 0           3Gram_TimeDistributed_Conv[0][0] 
__________________________________________________________________________________________________
1Gram_TimeDistributed_Flatten ( (None, 129, 200)     0           1Gram_TimeDistributed_Maxpool[0][
__________________________________________________________________________________________________
2Gram_TimeDistributed_Flatten ( (None, 129, 200)     0           2Gram_TimeDistributed_Maxpool[0][
__________________________________________________________________________________________________
3Gram_TimeDistributed_Flatten ( (None, 129, 200)     0           3Gram_TimeDistributed_Maxpool[0][
__________________________________________________________________________________________________
Merge_n-grams (Concatenate)     (None, 129, 600)     0           1Gram_TimeDistributed_Flatten[0][
                                                                 2Gram_TimeDistributed_Flatten[0][
                                                                 3Gram_TimeDistributed_Flatten[0][
__________________________________________________________________________________________________
Reshape_Merge_Result (Reshape)  (None, 129, 600, 1)  0           Merge_n-grams[0][0]              
__________________________________________________________________________________________________
1-MaxPool (MaxPooling2D)        (None, 1, 600, 1)    0           Reshape_Merge_Result[0][0]       
__________________________________________________________________________________________________
1-Maxpool_Flatten (Flatten)     (None, 600)          0           1-MaxPool[0][0]                  
__________________________________________________________________________________________________
Mairesse_Input (InputLayer)     (None, 84)           0                                            
__________________________________________________________________________________________________
Merge_with_Mairesse (Concatenat (None, 684)          0           1-Maxpool_Flatten[0][0]          
                                                                 Mairesse_Input[0][0]             
__________________________________________________________________________________________________
Fully_Connected_Layer (Dense)   (None, 16)           10960       Merge_with_Mairesse[0][0]        
__________________________________________________________________________________________________
Dense_out (Dense)               (None, 1)            17          Fully_Connected_Layer[0][0]      
==================================================================================================
Total params: 8,009,877
Trainable params: 8,009,877
Non-trainable params: 0
__________________________________________________________________________________________________
None
Train on 1726 samples, validate on 741 samples
Epoch 1/30

 200/1726 [==>...........................] - ETA: 2:30 - loss: 0.6992 - acc: 0.5200
 400/1726 [=====>........................] - ETA: 2:07 - loss: 0.7020 - acc: 0.5025
 600/1726 [=========>....................] - ETA: 1:48 - loss: 0.6964 - acc: 0.5117
 800/1726 [============>.................] - ETA: 1:28 - loss: 0.6969 - acc: 0.5062
1000/1726 [================>.............] - ETA: 1:09 - loss: 0.6951 - acc: 0.5070
1200/1726 [===================>..........] - ETA: 50s - loss: 0.6938 - acc: 0.5175 
1400/1726 [=======================>......] - ETA: 31s - loss: 0.6932 - acc: 0.5221
1600/1726 [==========================>...] - ETA: 11s - loss: 0.6934 - acc: 0.5244
1726/1726 [==============================] - 182s 105ms/step - loss: 0.6924 - acc: 0.5255 - val_loss: 0.6865 - val_acc: 0.5385
Epoch 2/30

 200/1726 [==>...........................] - ETA: 2:23 - loss: 0.6582 - acc: 0.6400
 400/1726 [=====>........................] - ETA: 2:05 - loss: 0.6720 - acc: 0.6075
 600/1726 [=========>....................] - ETA: 1:46 - loss: 0.6659 - acc: 0.6200
 800/1726 [============>.................] - ETA: 1:27 - loss: 0.6660 - acc: 0.6262
1000/1726 [================>.............] - ETA: 1:08 - loss: 0.6656 - acc: 0.6230
1200/1726 [===================>..........] - ETA: 49s - loss: 0.6634 - acc: 0.6283 
1400/1726 [=======================>......] - ETA: 31s - loss: 0.6627 - acc: 0.6350
1600/1726 [==========================>...] - ETA: 12s - loss: 0.6608 - acc: 0.6387
1726/1726 [==============================] - 183s 106ms/step - loss: 0.6610 - acc: 0.6408 - val_loss: 0.6822 - val_acc: 0.5493
Epoch 3/30

 200/1726 [==>...........................] - ETA: 2:24 - loss: 0.6348 - acc: 0.6850
 400/1726 [=====>........................] - ETA: 2:06 - loss: 0.6351 - acc: 0.6925
 600/1726 [=========>....................] - ETA: 1:47 - loss: 0.6368 - acc: 0.6800
 800/1726 [============>.................] - ETA: 1:29 - loss: 0.6316 - acc: 0.6887
1000/1726 [================>.............] - ETA: 1:09 - loss: 0.6339 - acc: 0.6850
1200/1726 [===================>..........] - ETA: 50s - loss: 0.6341 - acc: 0.6842 
1400/1726 [=======================>......] - ETA: 31s - loss: 0.6311 - acc: 0.6971
1600/1726 [==========================>...] - ETA: 12s - loss: 0.6319 - acc: 0.6975
1726/1726 [==============================] - 183s 106ms/step - loss: 0.6283 - acc: 0.7063 - val_loss: 0.6868 - val_acc: 0.5398
Epoch 4/30

 200/1726 [==>...........................] - ETA: 2:24 - loss: 0.6039 - acc: 0.7300
 400/1726 [=====>........................] - ETA: 2:05 - loss: 0.6022 - acc: 0.7425
 600/1726 [=========>....................] - ETA: 1:46 - loss: 0.6007 - acc: 0.7417
 800/1726 [============>.................] - ETA: 1:27 - loss: 0.5964 - acc: 0.7500
1000/1726 [================>.............] - ETA: 1:09 - loss: 0.5933 - acc: 0.7560
1200/1726 [===================>..........] - ETA: 50s - loss: 0.5884 - acc: 0.7642 
1400/1726 [=======================>......] - ETA: 31s - loss: 0.5863 - acc: 0.7643
1600/1726 [==========================>...] - ETA: 12s - loss: 0.5833 - acc: 0.7681
1726/1726 [==============================] - 182s 106ms/step - loss: 0.5828 - acc: 0.7665 - val_loss: 0.6841 - val_acc: 0.5574
