SLURM_JOBID=193740
SLURM_JOB_NODELIST=hbcomp-020
SLURM_NNODES=1
SLURMTMPDIR=
working directory=/hb/home/yweng5/personality-detection-master_git
/hb/software/apps/python/gnu-3.6.2/lib/python3.6/site-packages/h5py/__init__.py:36: FutureWarning: Conversion of the second argument of issubdtype from `float` to `np.floating` is deprecated. In future, it will be treated as `np.float64 == np.dtype(float).type`.
  from ._conv import register_converters as _register_converters
Using TensorFlow backend.
/hb/software/apps/python/gnu-3.6.2/lib/python3.6/site-packages/sklearn/cross_validation.py:41: DeprecationWarning: This module was deprecated in version 0.18 in favor of the model_selection module into which all the refactored classes and functions are moved. Also note that the interface of the new CV iterators are different from that of this module. This module will be removed in 0.20.
  "This module will be removed in 0.20.", DeprecationWarning)
WARNING:tensorflow:From personality.py:184: VocabularyProcessor.__init__ (from tensorflow.contrib.learn.python.learn.preprocessing.text) is deprecated and will be removed in a future version.
Instructions for updating:
Please use tensorflow/transform or tf.data.
WARNING:tensorflow:From /hb/software/apps/python/gnu-3.6.2/lib/python3.6/site-packages/tensorflow/contrib/learn/python/learn/preprocessing/text.py:154: CategoricalVocabulary.__init__ (from tensorflow.contrib.learn.python.learn.preprocessing.categorical_vocabulary) is deprecated and will be removed in a future version.
Instructions for updating:
Please use tensorflow/transform or tf.data.
WARNING:tensorflow:From /hb/software/apps/python/gnu-3.6.2/lib/python3.6/site-packages/tensorflow/contrib/learn/python/learn/preprocessing/text.py:170: tokenizer (from tensorflow.contrib.learn.python.learn.preprocessing.text) is deprecated and will be removed in a future version.
Instructions for updating:
Please use tensorflow/transform or tf.data.
2018-06-07 23:57:46.901708: I tensorflow/core/platform/cpu_feature_guard.cc:140] Your CPU supports instructions that this TensorFlow binary was not compiled to use: AVX2 FMA
/hb/home/yweng5
/hb/home/yweng5/glove.6B.300d.txt
_________________________________________________________________
Layer (type)                 Output Shape              Param #   
=================================================================
Embedding_1 (Embedding)      (None, 129, 149, 300)     7638300   
_________________________________________________________________
LSTM_1 (TimeDistributed)     (None, 129, 300)          721200    
_________________________________________________________________
LSTM_2 (LSTM)                (None, 300)               721200    
=================================================================
Total params: 9,080,700
Trainable params: 9,080,700
Non-trainable params: 0
_________________________________________________________________
None
_________________________________________________________________
Layer (type)                 Output Shape              Param #   
=================================================================
input_1 (InputLayer)         (None, 84)                0         
=================================================================
Total params: 0
Trainable params: 0
Non-trainable params: 0
_________________________________________________________________
None
_________________________________________________________________
Layer (type)                 Output Shape              Param #   
=================================================================
Merge (Merge)                (None, 384)               0         
_________________________________________________________________
hidden_layer (Dense)         (None, 16)                6160      
_________________________________________________________________
Dense_out (Dense)            (None, 5)                 85        
=================================================================
Total params: 9,086,945
Trainable params: 9,086,945
Non-trainable params: 0
_________________________________________________________________
None
Train on 1726 samples, validate on 741 samples
Epoch 1/30

 200/1726 [==>...........................] - ETA: 5:17 - loss: 0.6988 - acc: 0.5260
 400/1726 [=====>........................] - ETA: 4:32 - loss: 0.7002 - acc: 0.5085
 600/1726 [=========>....................] - ETA: 3:49 - loss: 0.7016 - acc: 0.5053
 800/1726 [============>.................] - ETA: 3:08 - loss: 0.7003 - acc: 0.5095
1000/1726 [================>.............] - ETA: 2:27 - loss: 0.7003 - acc: 0.5118
1200/1726 [===================>..........] - ETA: 1:46 - loss: 0.7000 - acc: 0.5122
1400/1726 [=======================>......] - ETA: 1:05 - loss: 0.6994 - acc: 0.5123
1600/1726 [==========================>...] - ETA: 25s - loss: 0.6987 - acc: 0.5103 
1726/1726 [==============================] - 403s 234ms/step - loss: 0.6994 - acc: 0.5081 - val_loss: 0.6966 - val_acc: 0.5096
Epoch 2/30

 200/1726 [==>...........................] - ETA: 5:08 - loss: 0.6928 - acc: 0.5300
 400/1726 [=====>........................] - ETA: 4:27 - loss: 0.6945 - acc: 0.5145
 600/1726 [=========>....................] - ETA: 3:46 - loss: 0.6933 - acc: 0.5193
 800/1726 [============>.................] - ETA: 3:06 - loss: 0.6934 - acc: 0.5195
1000/1726 [================>.............] - ETA: 2:26 - loss: 0.6954 - acc: 0.5136
1200/1726 [===================>..........] - ETA: 1:45 - loss: 0.6945 - acc: 0.5197
1400/1726 [=======================>......] - ETA: 1:05 - loss: 0.6943 - acc: 0.5183
1600/1726 [==========================>...] - ETA: 25s - loss: 0.6931 - acc: 0.5236 
1726/1726 [==============================] - 402s 233ms/step - loss: 0.6933 - acc: 0.5255 - val_loss: 0.6958 - val_acc: 0.5036
Epoch 3/30

 200/1726 [==>...........................] - ETA: 5:05 - loss: 0.7007 - acc: 0.4840
 400/1726 [=====>........................] - ETA: 4:25 - loss: 0.6953 - acc: 0.5010
 600/1726 [=========>....................] - ETA: 3:45 - loss: 0.6944 - acc: 0.5073
 800/1726 [============>.................] - ETA: 3:06 - loss: 0.6925 - acc: 0.5150
1000/1726 [================>.............] - ETA: 2:25 - loss: 0.6919 - acc: 0.5216
1200/1726 [===================>..........] - ETA: 1:45 - loss: 0.6911 - acc: 0.5270
1400/1726 [=======================>......] - ETA: 1:05 - loss: 0.6907 - acc: 0.5326
1600/1726 [==========================>...] - ETA: 25s - loss: 0.6902 - acc: 0.5343 
1726/1726 [==============================] - 402s 233ms/step - loss: 0.6898 - acc: 0.5367 - val_loss: 0.6923 - val_acc: 0.5155
Epoch 4/30

 200/1726 [==>...........................] - ETA: 5:04 - loss: 0.6880 - acc: 0.5480
 400/1726 [=====>........................] - ETA: 4:24 - loss: 0.6871 - acc: 0.5505
 600/1726 [=========>....................] - ETA: 3:45 - loss: 0.6868 - acc: 0.5540
 800/1726 [============>.................] - ETA: 3:05 - loss: 0.6869 - acc: 0.5520
1000/1726 [================>.............] - ETA: 2:25 - loss: 0.6868 - acc: 0.5526
1200/1726 [===================>..........] - ETA: 1:45 - loss: 0.6863 - acc: 0.5527
1400/1726 [=======================>......] - ETA: 1:05 - loss: 0.6869 - acc: 0.5484
1600/1726 [==========================>...] - ETA: 25s - loss: 0.6873 - acc: 0.5444 
1726/1726 [==============================] - 400s 232ms/step - loss: 0.6873 - acc: 0.5451 - val_loss: 0.6912 - val_acc: 0.5169
Epoch 5/30

 200/1726 [==>...........................] - ETA: 5:05 - loss: 0.6848 - acc: 0.5570
 400/1726 [=====>........................] - ETA: 4:25 - loss: 0.6849 - acc: 0.5455
 600/1726 [=========>....................] - ETA: 3:45 - loss: 0.6853 - acc: 0.5510
 800/1726 [============>.................] - ETA: 3:05 - loss: 0.6844 - acc: 0.5533
1000/1726 [================>.............] - ETA: 2:25 - loss: 0.6844 - acc: 0.5544
1200/1726 [===================>..........] - ETA: 1:45 - loss: 0.6847 - acc: 0.5548
1400/1726 [=======================>......] - ETA: 1:05 - loss: 0.6850 - acc: 0.5543
1600/1726 [==========================>...] - ETA: 25s - loss: 0.6851 - acc: 0.5524 
1726/1726 [==============================] - 401s 232ms/step - loss: 0.6848 - acc: 0.5539 - val_loss: 0.6891 - val_acc: 0.5306
Epoch 6/30

 200/1726 [==>...........................] - ETA: 5:04 - loss: 0.6841 - acc: 0.5670
 400/1726 [=====>........................] - ETA: 4:24 - loss: 0.6842 - acc: 0.5655
 600/1726 [=========>....................] - ETA: 3:45 - loss: 0.6840 - acc: 0.5603
 800/1726 [============>.................] - ETA: 3:05 - loss: 0.6833 - acc: 0.5633
1000/1726 [================>.............] - ETA: 2:25 - loss: 0.6840 - acc: 0.5578
1200/1726 [===================>..........] - ETA: 1:45 - loss: 0.6832 - acc: 0.5615
1400/1726 [=======================>......] - ETA: 1:05 - loss: 0.6825 - acc: 0.5639
1600/1726 [==========================>...] - ETA: 25s - loss: 0.6828 - acc: 0.5609 
1726/1726 [==============================] - 401s 232ms/step - loss: 0.6826 - acc: 0.5597 - val_loss: 0.6877 - val_acc: 0.5422
Epoch 7/30

 200/1726 [==>...........................] - ETA: 5:05 - loss: 0.6798 - acc: 0.5750
 400/1726 [=====>........................] - ETA: 4:25 - loss: 0.6826 - acc: 0.5600
 600/1726 [=========>....................] - ETA: 3:45 - loss: 0.6821 - acc: 0.5537
 800/1726 [============>.................] - ETA: 3:05 - loss: 0.6816 - acc: 0.5575
1000/1726 [================>.............] - ETA: 2:25 - loss: 0.6816 - acc: 0.5618
1200/1726 [===================>..........] - ETA: 1:45 - loss: 0.6812 - acc: 0.5635
1400/1726 [=======================>......] - ETA: 1:05 - loss: 0.6810 - acc: 0.5631
1600/1726 [==========================>...] - ETA: 25s - loss: 0.6805 - acc: 0.5645 
1726/1726 [==============================] - 401s 232ms/step - loss: 0.6807 - acc: 0.5640 - val_loss: 0.6866 - val_acc: 0.5433
Epoch 8/30

 200/1726 [==>...........................] - ETA: 5:04 - loss: 0.6792 - acc: 0.5710
 400/1726 [=====>........................] - ETA: 4:25 - loss: 0.6763 - acc: 0.5790
 600/1726 [=========>....................] - ETA: 3:45 - loss: 0.6769 - acc: 0.5780
 800/1726 [============>.................] - ETA: 3:05 - loss: 0.6789 - acc: 0.5703
1000/1726 [================>.............] - ETA: 2:25 - loss: 0.6785 - acc: 0.5740
1200/1726 [===================>..........] - ETA: 1:45 - loss: 0.6792 - acc: 0.5702
1400/1726 [=======================>......] - ETA: 1:05 - loss: 0.6799 - acc: 0.5691
1600/1726 [==========================>...] - ETA: 25s - loss: 0.6793 - acc: 0.5700 
1726/1726 [==============================] - 401s 233ms/step - loss: 0.6791 - acc: 0.5716 - val_loss: 0.6853 - val_acc: 0.5506
Epoch 9/30

 200/1726 [==>...........................] - ETA: 5:05 - loss: 0.6756 - acc: 0.6000
 400/1726 [=====>........................] - ETA: 4:25 - loss: 0.6760 - acc: 0.5865
 600/1726 [=========>....................] - ETA: 3:45 - loss: 0.6776 - acc: 0.5820
 800/1726 [============>.................] - ETA: 3:05 - loss: 0.6775 - acc: 0.5785
1000/1726 [================>.............] - ETA: 2:25 - loss: 0.6768 - acc: 0.5818
1200/1726 [===================>..........] - ETA: 1:45 - loss: 0.6780 - acc: 0.5785
1400/1726 [=======================>......] - ETA: 1:05 - loss: 0.6778 - acc: 0.5766
1600/1726 [==========================>...] - ETA: 25s - loss: 0.6775 - acc: 0.5763 
1726/1726 [==============================] - 402s 233ms/step - loss: 0.6775 - acc: 0.5758 - val_loss: 0.6840 - val_acc: 0.5579
Epoch 10/30

 200/1726 [==>...........................] - ETA: 5:07 - loss: 0.6859 - acc: 0.5440
 400/1726 [=====>........................] - ETA: 4:26 - loss: 0.6791 - acc: 0.5690
 600/1726 [=========>....................] - ETA: 3:46 - loss: 0.6764 - acc: 0.5780
 800/1726 [============>.................] - ETA: 3:05 - loss: 0.6767 - acc: 0.5730
1000/1726 [================>.............] - ETA: 2:25 - loss: 0.6761 - acc: 0.5766
1200/1726 [===================>..........] - ETA: 1:45 - loss: 0.6757 - acc: 0.5778
1400/1726 [=======================>......] - ETA: 1:05 - loss: 0.6747 - acc: 0.5797
1600/1726 [==========================>...] - ETA: 25s - loss: 0.6763 - acc: 0.5743 
1726/1726 [==============================] - 402s 233ms/step - loss: 0.6764 - acc: 0.5742 - val_loss: 0.6840 - val_acc: 0.5517
Epoch 11/30

 200/1726 [==>...........................] - ETA: 5:05 - loss: 0.6681 - acc: 0.6160
 400/1726 [=====>........................] - ETA: 4:26 - loss: 0.6729 - acc: 0.5960
 600/1726 [=========>....................] - ETA: 3:46 - loss: 0.6709 - acc: 0.5990
 800/1726 [============>.................] - ETA: 3:06 - loss: 0.6711 - acc: 0.5898
1000/1726 [================>.............] - ETA: 2:26 - loss: 0.6720 - acc: 0.5862
1200/1726 [===================>..........] - ETA: 1:45 - loss: 0.6732 - acc: 0.5853
1400/1726 [=======================>......] - ETA: 1:05 - loss: 0.6738 - acc: 0.5830
1600/1726 [==========================>...] - ETA: 25s - loss: 0.6748 - acc: 0.5801 
1726/1726 [==============================] - 402s 233ms/step - loss: 0.6748 - acc: 0.5805 - val_loss: 0.6823 - val_acc: 0.5614
Epoch 12/30

 200/1726 [==>...........................] - ETA: 5:07 - loss: 0.6698 - acc: 0.6060
 400/1726 [=====>........................] - ETA: 4:26 - loss: 0.6710 - acc: 0.6000
 600/1726 [=========>....................] - ETA: 3:46 - loss: 0.6725 - acc: 0.5927
 800/1726 [============>.................] - ETA: 3:06 - loss: 0.6736 - acc: 0.5853
1000/1726 [================>.............] - ETA: 2:26 - loss: 0.6732 - acc: 0.5864
1200/1726 [===================>..........] - ETA: 1:45 - loss: 0.6733 - acc: 0.5863
1400/1726 [=======================>......] - ETA: 1:05 - loss: 0.6733 - acc: 0.5876
1600/1726 [==========================>...] - ETA: 25s - loss: 0.6736 - acc: 0.5861 
1726/1726 [==============================] - 403s 233ms/step - loss: 0.6736 - acc: 0.5855 - val_loss: 0.6819 - val_acc: 0.5641
Epoch 13/30

 200/1726 [==>...........................] - ETA: 5:05 - loss: 0.6797 - acc: 0.5580
 400/1726 [=====>........................] - ETA: 4:25 - loss: 0.6727 - acc: 0.5795
 600/1726 [=========>....................] - ETA: 3:45 - loss: 0.6724 - acc: 0.5840
 800/1726 [============>.................] - ETA: 3:06 - loss: 0.6730 - acc: 0.5828
1000/1726 [================>.............] - ETA: 2:26 - loss: 0.6714 - acc: 0.5866
1200/1726 [===================>..........] - ETA: 1:45 - loss: 0.6728 - acc: 0.5840
1400/1726 [=======================>......] - ETA: 1:05 - loss: 0.6725 - acc: 0.5861
1600/1726 [==========================>...] - ETA: 25s - loss: 0.6718 - acc: 0.5899 
1726/1726 [==============================] - 402s 233ms/step - loss: 0.6725 - acc: 0.5882 - val_loss: 0.6813 - val_acc: 0.5668
Epoch 14/30

 200/1726 [==>...........................] - ETA: 5:06 - loss: 0.6749 - acc: 0.5870
 400/1726 [=====>........................] - ETA: 4:26 - loss: 0.6702 - acc: 0.5940
 600/1726 [=========>....................] - ETA: 3:46 - loss: 0.6714 - acc: 0.5887
 800/1726 [============>.................] - ETA: 3:05 - loss: 0.6726 - acc: 0.5868
1000/1726 [================>.............] - ETA: 2:25 - loss: 0.6722 - acc: 0.5884
1200/1726 [===================>..........] - ETA: 1:45 - loss: 0.6727 - acc: 0.5867
1400/1726 [=======================>......] - ETA: 1:05 - loss: 0.6720 - acc: 0.5864
1600/1726 [==========================>...] - ETA: 25s - loss: 0.6710 - acc: 0.5901 
1726/1726 [==============================] - 402s 233ms/step - loss: 0.6713 - acc: 0.5892 - val_loss: 0.6809 - val_acc: 0.5649
Epoch 15/30

 200/1726 [==>...........................] - ETA: 5:08 - loss: 0.6705 - acc: 0.5970
 400/1726 [=====>........................] - ETA: 4:27 - loss: 0.6711 - acc: 0.5895
 600/1726 [=========>....................] - ETA: 3:47 - loss: 0.6724 - acc: 0.5873
 800/1726 [============>.................] - ETA: 3:06 - loss: 0.6726 - acc: 0.5840
1000/1726 [================>.............] - ETA: 2:26 - loss: 0.6722 - acc: 0.5868
1200/1726 [===================>..........] - ETA: 1:45 - loss: 0.6708 - acc: 0.5900
1400/1726 [=======================>......] - ETA: 1:05 - loss: 0.6703 - acc: 0.5910
1600/1726 [==========================>...] - ETA: 25s - loss: 0.6707 - acc: 0.5899 
1726/1726 [==============================] - 403s 233ms/step - loss: 0.6704 - acc: 0.5920 - val_loss: 0.6802 - val_acc: 0.5665
Epoch 16/30

 200/1726 [==>...........................] - ETA: 5:08 - loss: 0.6715 - acc: 0.5940
 400/1726 [=====>........................] - ETA: 4:29 - loss: 0.6715 - acc: 0.5965
 600/1726 [=========>....................] - ETA: 3:47 - loss: 0.6714 - acc: 0.5943
 800/1726 [============>.................] - ETA: 3:07 - loss: 0.6694 - acc: 0.5995
1000/1726 [================>.............] - ETA: 2:26 - loss: 0.6678 - acc: 0.6030
1200/1726 [===================>..........] - ETA: 1:46 - loss: 0.6683 - acc: 0.6008
1400/1726 [=======================>......] - ETA: 1:05 - loss: 0.6685 - acc: 0.5994
1600/1726 [==========================>...] - ETA: 25s - loss: 0.6684 - acc: 0.5971 
1726/1726 [==============================] - 404s 234ms/step - loss: 0.6695 - acc: 0.5920 - val_loss: 0.6802 - val_acc: 0.5646
Epoch 17/30

 200/1726 [==>...........................] - ETA: 5:05 - loss: 0.6673 - acc: 0.5970
 400/1726 [=====>........................] - ETA: 4:26 - loss: 0.6684 - acc: 0.5960
 600/1726 [=========>....................] - ETA: 3:46 - loss: 0.6711 - acc: 0.5890
 800/1726 [============>.................] - ETA: 3:06 - loss: 0.6675 - acc: 0.5958
1000/1726 [================>.............] - ETA: 2:26 - loss: 0.6677 - acc: 0.5956
1200/1726 [===================>..........] - ETA: 1:45 - loss: 0.6683 - acc: 0.5942
1400/1726 [=======================>......] - ETA: 1:05 - loss: 0.6690 - acc: 0.5934
1600/1726 [==========================>...] - ETA: 25s - loss: 0.6682 - acc: 0.5956 
1726/1726 [==============================] - 403s 234ms/step - loss: 0.6685 - acc: 0.5947 - val_loss: 0.6793 - val_acc: 0.5692
Epoch 18/30

 200/1726 [==>...........................] - ETA: 5:07 - loss: 0.6689 - acc: 0.5880
 400/1726 [=====>........................] - ETA: 4:27 - loss: 0.6659 - acc: 0.5995
 600/1726 [=========>....................] - ETA: 3:47 - loss: 0.6666 - acc: 0.5957
 800/1726 [============>.................] - ETA: 3:07 - loss: 0.6648 - acc: 0.6003
1000/1726 [================>.............] - ETA: 2:26 - loss: 0.6643 - acc: 0.6024
1200/1726 [===================>..........] - ETA: 1:46 - loss: 0.6654 - acc: 0.5990
1400/1726 [=======================>......] - ETA: 1:05 - loss: 0.6671 - acc: 0.5969
1600/1726 [==========================>...] - ETA: 25s - loss: 0.6677 - acc: 0.5965 
1726/1726 [==============================] - 404s 234ms/step - loss: 0.6677 - acc: 0.5948 - val_loss: 0.6793 - val_acc: 0.5706
Epoch 19/30

 200/1726 [==>...........................] - ETA: 5:09 - loss: 0.6690 - acc: 0.5930
 400/1726 [=====>........................] - ETA: 4:27 - loss: 0.6662 - acc: 0.5980
 600/1726 [=========>....................] - ETA: 3:47 - loss: 0.6641 - acc: 0.6013
 800/1726 [============>.................] - ETA: 3:06 - loss: 0.6667 - acc: 0.5968
1000/1726 [================>.............] - ETA: 2:26 - loss: 0.6666 - acc: 0.5992
1200/1726 [===================>..........] - ETA: 1:46 - loss: 0.6669 - acc: 0.5970
1400/1726 [=======================>......] - ETA: 1:05 - loss: 0.6660 - acc: 0.5979
1600/1726 [==========================>...] - ETA: 25s - loss: 0.6659 - acc: 0.5990 
1726/1726 [==============================] - 404s 234ms/step - loss: 0.6670 - acc: 0.5966 - val_loss: 0.6792 - val_acc: 0.5657
Epoch 20/30

 200/1726 [==>...........................] - ETA: 5:08 - loss: 0.6673 - acc: 0.6060
 400/1726 [=====>........................] - ETA: 4:28 - loss: 0.6671 - acc: 0.6025
 600/1726 [=========>....................] - ETA: 3:47 - loss: 0.6679 - acc: 0.5963
 800/1726 [============>.................] - ETA: 3:07 - loss: 0.6681 - acc: 0.5940
1000/1726 [================>.............] - ETA: 2:26 - loss: 0.6679 - acc: 0.5954
1200/1726 [===================>..........] - ETA: 1:46 - loss: 0.6672 - acc: 0.5983
1400/1726 [=======================>......] - ETA: 1:05 - loss: 0.6664 - acc: 0.5993
1600/1726 [==========================>...] - ETA: 25s - loss: 0.6667 - acc: 0.5983 
1726/1726 [==============================] - 404s 234ms/step - loss: 0.6663 - acc: 0.5992 - val_loss: 0.6782 - val_acc: 0.5709
Epoch 21/30

 200/1726 [==>...........................] - ETA: 5:08 - loss: 0.6636 - acc: 0.6040
 400/1726 [=====>........................] - ETA: 4:28 - loss: 0.6635 - acc: 0.6095
 600/1726 [=========>....................] - ETA: 3:47 - loss: 0.6656 - acc: 0.6007
 800/1726 [============>.................] - ETA: 3:07 - loss: 0.6649 - acc: 0.6015
1000/1726 [================>.............] - ETA: 2:26 - loss: 0.6651 - acc: 0.6014
1200/1726 [===================>..........] - ETA: 1:46 - loss: 0.6640 - acc: 0.6032
1400/1726 [=======================>......] - ETA: 1:05 - loss: 0.6646 - acc: 0.6009
1600/1726 [==========================>...] - ETA: 25s - loss: 0.6653 - acc: 0.6005 
1726/1726 [==============================] - 404s 234ms/step - loss: 0.6655 - acc: 0.5991 - val_loss: 0.6783 - val_acc: 0.5730
Epoch 22/30

 200/1726 [==>...........................] - ETA: 5:08 - loss: 0.6642 - acc: 0.6020
 400/1726 [=====>........................] - ETA: 4:28 - loss: 0.6664 - acc: 0.5990
 600/1726 [=========>....................] - ETA: 3:47 - loss: 0.6609 - acc: 0.6093
 800/1726 [============>.................] - ETA: 3:07 - loss: 0.6615 - acc: 0.6098
1000/1726 [================>.............] - ETA: 2:26 - loss: 0.6612 - acc: 0.6098
1200/1726 [===================>..........] - ETA: 1:46 - loss: 0.6614 - acc: 0.6062
1400/1726 [=======================>......] - ETA: 1:05 - loss: 0.6626 - acc: 0.6050
1600/1726 [==========================>...] - ETA: 25s - loss: 0.6633 - acc: 0.6060 
1726/1726 [==============================] - 405s 234ms/step - loss: 0.6648 - acc: 0.6017 - val_loss: 0.6783 - val_acc: 0.5703
Epoch 23/30

 200/1726 [==>...........................] - ETA: 5:07 - loss: 0.6668 - acc: 0.6010
 400/1726 [=====>........................] - ETA: 4:27 - loss: 0.6660 - acc: 0.5935
 600/1726 [=========>....................] - ETA: 3:46 - loss: 0.6638 - acc: 0.6050
 800/1726 [============>.................] - ETA: 3:06 - loss: 0.6660 - acc: 0.6000
1000/1726 [================>.............] - ETA: 2:26 - loss: 0.6665 - acc: 0.5992
1200/1726 [===================>..........] - ETA: 1:46 - loss: 0.6656 - acc: 0.6013
1400/1726 [=======================>......] - ETA: 1:05 - loss: 0.6646 - acc: 0.6036
1600/1726 [==========================>...] - ETA: 25s - loss: 0.6651 - acc: 0.6014 
1726/1726 [==============================] - 405s 234ms/step - loss: 0.6642 - acc: 0.6041 - val_loss: 0.6776 - val_acc: 0.5733
Epoch 24/30

 200/1726 [==>...........................] - ETA: 5:09 - loss: 0.6670 - acc: 0.6110
 400/1726 [=====>........................] - ETA: 4:29 - loss: 0.6704 - acc: 0.5940
 600/1726 [=========>....................] - ETA: 3:48 - loss: 0.6666 - acc: 0.6003
 800/1726 [============>.................] - ETA: 3:07 - loss: 0.6680 - acc: 0.5948
1000/1726 [================>.............] - ETA: 2:26 - loss: 0.6668 - acc: 0.6004
1200/1726 [===================>..........] - ETA: 1:46 - loss: 0.6673 - acc: 0.5967
1400/1726 [=======================>......] - ETA: 1:05 - loss: 0.6653 - acc: 0.5993
1600/1726 [==========================>...] - ETA: 25s - loss: 0.6638 - acc: 0.6034 
1726/1726 [==============================] - 404s 234ms/step - loss: 0.6634 - acc: 0.6037 - val_loss: 0.6777 - val_acc: 0.5709
Epoch 25/30

 200/1726 [==>...........................] - ETA: 5:10 - loss: 0.6650 - acc: 0.5940
 400/1726 [=====>........................] - ETA: 4:29 - loss: 0.6624 - acc: 0.6010
 600/1726 [=========>....................] - ETA: 3:48 - loss: 0.6643 - acc: 0.5990
 800/1726 [============>.................] - ETA: 3:07 - loss: 0.6684 - acc: 0.5935
1000/1726 [================>.............] - ETA: 2:27 - loss: 0.6676 - acc: 0.5966
1200/1726 [===================>..........] - ETA: 1:46 - loss: 0.6647 - acc: 0.6015
1400/1726 [=======================>......] - ETA: 1:06 - loss: 0.6639 - acc: 0.6046
1600/1726 [==========================>...] - ETA: 25s - loss: 0.6632 - acc: 0.6039 
1726/1726 [==============================] - 405s 235ms/step - loss: 0.6627 - acc: 0.6053 - val_loss: 0.6779 - val_acc: 0.5706
Epoch 26/30

 200/1726 [==>...........................] - ETA: 5:07 - loss: 0.6611 - acc: 0.6000
 400/1726 [=====>........................] - ETA: 4:27 - loss: 0.6589 - acc: 0.6100
 600/1726 [=========>....................] - ETA: 3:47 - loss: 0.6627 - acc: 0.6057
 800/1726 [============>.................] - ETA: 3:07 - loss: 0.6606 - acc: 0.6100
1000/1726 [================>.............] - ETA: 2:26 - loss: 0.6621 - acc: 0.6050
1200/1726 [===================>..........] - ETA: 1:46 - loss: 0.6623 - acc: 0.6052
1400/1726 [=======================>......] - ETA: 1:05 - loss: 0.6614 - acc: 0.6073
1600/1726 [==========================>...] - ETA: 25s - loss: 0.6626 - acc: 0.6034 
1726/1726 [==============================] - 405s 235ms/step - loss: 0.6622 - acc: 0.6037 - val_loss: 0.6779 - val_acc: 0.5746
Epoch 27/30

 200/1726 [==>...........................] - ETA: 5:07 - loss: 0.6644 - acc: 0.6040
 400/1726 [=====>........................] - ETA: 4:27 - loss: 0.6626 - acc: 0.6070
 600/1726 [=========>....................] - ETA: 3:47 - loss: 0.6663 - acc: 0.5983
 800/1726 [============>.................] - ETA: 3:07 - loss: 0.6617 - acc: 0.6065
1000/1726 [================>.............] - ETA: 2:26 - loss: 0.6605 - acc: 0.6120
1200/1726 [===================>..........] - ETA: 1:46 - loss: 0.6604 - acc: 0.6100
1400/1726 [=======================>......] - ETA: 1:05 - loss: 0.6609 - acc: 0.6064
1600/1726 [==========================>...] - ETA: 25s - loss: 0.6617 - acc: 0.6066 
1726/1726 [==============================] - 405s 234ms/step - loss: 0.6616 - acc: 0.6061 - val_loss: 0.6773 - val_acc: 0.5735
Epoch 28/30

 200/1726 [==>...........................] - ETA: 5:08 - loss: 0.6535 - acc: 0.6210
 400/1726 [=====>........................] - ETA: 4:28 - loss: 0.6573 - acc: 0.6055
 600/1726 [=========>....................] - ETA: 3:48 - loss: 0.6557 - acc: 0.6123
 800/1726 [============>.................] - ETA: 3:07 - loss: 0.6558 - acc: 0.6148
1000/1726 [================>.............] - ETA: 2:27 - loss: 0.6590 - acc: 0.6084
1200/1726 [===================>..........] - ETA: 1:46 - loss: 0.6607 - acc: 0.6063
1400/1726 [=======================>......] - ETA: 1:06 - loss: 0.6618 - acc: 0.6037
1600/1726 [==========================>...] - ETA: 25s - loss: 0.6612 - acc: 0.6066 
1726/1726 [==============================] - 406s 235ms/step - loss: 0.6611 - acc: 0.6072 - val_loss: 0.6772 - val_acc: 0.5738
Epoch 29/30

 200/1726 [==>...........................] - ETA: 5:09 - loss: 0.6651 - acc: 0.5840
 400/1726 [=====>........................] - ETA: 4:28 - loss: 0.6650 - acc: 0.6005
 600/1726 [=========>....................] - ETA: 3:48 - loss: 0.6631 - acc: 0.5993
 800/1726 [============>.................] - ETA: 3:07 - loss: 0.6612 - acc: 0.6070
1000/1726 [================>.............] - ETA: 2:27 - loss: 0.6613 - acc: 0.6050
1200/1726 [===================>..........] - ETA: 1:46 - loss: 0.6623 - acc: 0.6028
1400/1726 [=======================>......] - ETA: 1:06 - loss: 0.6616 - acc: 0.6040
1600/1726 [==========================>...] - ETA: 25s - loss: 0.6607 - acc: 0.6064 
1726/1726 [==============================] - 406s 235ms/step - loss: 0.6606 - acc: 0.6052 - val_loss: 0.6769 - val_acc: 0.5781
Epoch 30/30

 200/1726 [==>...........................] - ETA: 5:09 - loss: 0.6585 - acc: 0.6060
 400/1726 [=====>........................] - ETA: 4:28 - loss: 0.6578 - acc: 0.6085
 600/1726 [=========>....................] - ETA: 3:48 - loss: 0.6607 - acc: 0.6073
 800/1726 [============>.................] - ETA: 3:07 - loss: 0.6630 - acc: 0.6030
1000/1726 [================>.............] - ETA: 2:26 - loss: 0.6613 - acc: 0.6042
1200/1726 [===================>..........] - ETA: 1:46 - loss: 0.6607 - acc: 0.6065
1400/1726 [=======================>......] - ETA: 1:05 - loss: 0.6609 - acc: 0.6070
1600/1726 [==========================>...] - ETA: 25s - loss: 0.6603 - acc: 0.6083 
1726/1726 [==============================] - 405s 235ms/step - loss: 0.6601 - acc: 0.6085 - val_loss: 0.6770 - val_acc: 0.5781
personality.py:282: UserWarning: The `Merge` layer is deprecated and will be removed after 08/2017. Use instead layers from `keras.layers.merge`, e.g. `add`, `concatenate`, etc.
  merged = Merge([modelleft,modelright], mode='concat',name='Merge')
